<?xml version="1.0" encoding="UTF-8"?>
<!-- Generated by org.testng.reporters.JUnitXMLReporter -->
<testsuite ignored="0" hostname="DESKTOP-AOMEI0O" failures="0" tests="9" name="Test" time="147.476" errors="0" timestamp="16 Apr 2021 07:50:47 GMT">
  <testcase classname="com.team.findinghospital.qa.testcases.URLTest" name="invalidURLTest" time="1.36"/>
  <testcase classname="com.team.findinghospital.qa.testcases.URLTest" name="validURLTest" time="2.251"/>
  <testcase classname="com.team.findinghospital.qa.testcases.LandingPageTest" name="cityTest" time="10.995"/>
  <testcase classname="com.team.findinghospital.qa.testcases.SearchFiltersTest" name="cityTest" time="32.859"/>
  <testcase classname="com.team.findinghospital.qa.testcases.DiagnosticPageTest" name="cityTest" time="8.937"/>
  <testcase classname="com.team.findinghospital.qa.testcases.CorporateWellnessPageTest" name="scheduleDem1" time="4.655"/>
  <testcase classname="com.team.findinghospital.qa.testcases.CorporateWellnessPageTest" name="scheduleDemo2" time="4.014"/>
  <testcase classname="com.team.findinghospital.qa.testcases.CorporateWellnessPageTest" name="scheduleDemo3" time="3.232"/>
  <testcase classname="com.team.findinghospital.qa.testcases.CorporateWellnessPageTest" name="scheduleDemo4" time="6.22"/>
</testsuite> <!-- Test -->
