<?xml version="1.0" encoding="UTF-8"?>
<testng-results ignored="0" total="9" passed="9" failed="0" skipped="0">
  <reporter-output>
  </reporter-output>
  <suite started-at="2021-04-16T07:48:19Z" name="Suite" finished-at="2021-04-16T07:50:47Z" duration-ms="147476">
    <groups>
    </groups>
    <test started-at="2021-04-16T07:48:19Z" name="Test" finished-at="2021-04-16T07:50:47Z" duration-ms="147476">
      <class name="com.team.findinghospital.qa.testcases.SearchFiltersTest">
        <test-method is-config="true" signature="setup()[pri:0, instance:com.team.findinghospital.qa.testcases.SearchFiltersTest@1d76aeea]" started-at="2021-04-16T13:18:56Z" name="setup" finished-at="2021-04-16T13:19:01Z" duration-ms="5279" status="PASS">
          <reporter-output>
          </reporter-output>
        </test-method> <!-- setup -->
        <test-method signature="cityTest()[pri:0, instance:com.team.findinghospital.qa.testcases.SearchFiltersTest@1d76aeea]" started-at="2021-04-16T13:19:01Z" name="cityTest" finished-at="2021-04-16T13:19:34Z" duration-ms="32859" status="PASS">
          <reporter-output>
          </reporter-output>
        </test-method> <!-- cityTest -->
        <test-method is-config="true" signature="close()[pri:0, instance:com.team.findinghospital.qa.testcases.SearchFiltersTest@1d76aeea]" started-at="2021-04-16T13:19:34Z" name="close" finished-at="2021-04-16T13:19:35Z" duration-ms="607" status="PASS">
          <reporter-output>
          </reporter-output>
        </test-method> <!-- close -->
      </class> <!-- com.team.findinghospital.qa.testcases.SearchFiltersTest -->
      <class name="com.team.findinghospital.qa.testcases.LandingPageTest">
        <test-method is-config="true" signature="setup()[pri:0, instance:com.team.findinghospital.qa.testcases.LandingPageTest@290d210d]" started-at="2021-04-16T13:18:39Z" name="setup" finished-at="2021-04-16T13:18:44Z" duration-ms="5532" status="PASS">
          <reporter-output>
          </reporter-output>
        </test-method> <!-- setup -->
        <test-method signature="cityTest()[pri:0, instance:com.team.findinghospital.qa.testcases.LandingPageTest@290d210d]" started-at="2021-04-16T13:18:44Z" name="cityTest" finished-at="2021-04-16T13:18:55Z" duration-ms="10995" status="PASS">
          <reporter-output>
          </reporter-output>
        </test-method> <!-- cityTest -->
        <test-method is-config="true" signature="close()[pri:0, instance:com.team.findinghospital.qa.testcases.LandingPageTest@290d210d]" started-at="2021-04-16T13:18:55Z" name="close" finished-at="2021-04-16T13:18:56Z" duration-ms="636" status="PASS">
          <reporter-output>
          </reporter-output>
        </test-method> <!-- close -->
      </class> <!-- com.team.findinghospital.qa.testcases.LandingPageTest -->
      <class name="com.team.findinghospital.qa.testcases.DiagnosticPageTest">
        <test-method is-config="true" signature="setup()[pri:0, instance:com.team.findinghospital.qa.testcases.DiagnosticPageTest@78dd667e]" started-at="2021-04-16T13:19:35Z" name="setup" finished-at="2021-04-16T13:19:39Z" duration-ms="4741" status="PASS">
          <reporter-output>
          </reporter-output>
        </test-method> <!-- setup -->
        <test-method signature="cityTest()[pri:0, instance:com.team.findinghospital.qa.testcases.DiagnosticPageTest@78dd667e]" started-at="2021-04-16T13:19:39Z" name="cityTest" finished-at="2021-04-16T13:19:48Z" duration-ms="8937" status="PASS">
          <reporter-output>
          </reporter-output>
        </test-method> <!-- cityTest -->
        <test-method is-config="true" signature="close()[pri:0, instance:com.team.findinghospital.qa.testcases.DiagnosticPageTest@78dd667e]" started-at="2021-04-16T13:19:48Z" name="close" finished-at="2021-04-16T13:19:52Z" duration-ms="3725" status="PASS">
          <reporter-output>
          </reporter-output>
        </test-method> <!-- close -->
      </class> <!-- com.team.findinghospital.qa.testcases.DiagnosticPageTest -->
      <class name="com.team.findinghospital.qa.testcases.CorporateWellnessPageTest">
        <test-method is-config="true" signature="setup()[pri:0, instance:com.team.findinghospital.qa.testcases.CorporateWellnessPageTest@10db82ae]" started-at="2021-04-16T13:19:52Z" name="setup" finished-at="2021-04-16T13:19:57Z" duration-ms="5353" status="PASS">
          <reporter-output>
          </reporter-output>
        </test-method> <!-- setup -->
        <test-method signature="scheduleDem1()[pri:0, instance:com.team.findinghospital.qa.testcases.CorporateWellnessPageTest@10db82ae]" started-at="2021-04-16T13:19:57Z" name="scheduleDem1" finished-at="2021-04-16T13:20:02Z" duration-ms="4655" status="PASS">
          <reporter-output>
          </reporter-output>
        </test-method> <!-- scheduleDem1 -->
        <test-method is-config="true" signature="close()[pri:0, instance:com.team.findinghospital.qa.testcases.CorporateWellnessPageTest@10db82ae]" started-at="2021-04-16T13:20:02Z" name="close" finished-at="2021-04-16T13:20:04Z" duration-ms="1748" status="PASS">
          <reporter-output>
          </reporter-output>
        </test-method> <!-- close -->
        <test-method is-config="true" signature="setup()[pri:0, instance:com.team.findinghospital.qa.testcases.CorporateWellnessPageTest@10db82ae]" started-at="2021-04-16T13:20:04Z" name="setup" finished-at="2021-04-16T13:20:13Z" duration-ms="9111" status="PASS">
          <reporter-output>
          </reporter-output>
        </test-method> <!-- setup -->
        <test-method signature="scheduleDemo2()[pri:0, instance:com.team.findinghospital.qa.testcases.CorporateWellnessPageTest@10db82ae]" started-at="2021-04-16T13:20:13Z" name="scheduleDemo2" finished-at="2021-04-16T13:20:17Z" duration-ms="4014" status="PASS">
          <reporter-output>
          </reporter-output>
        </test-method> <!-- scheduleDemo2 -->
        <test-method is-config="true" signature="close()[pri:0, instance:com.team.findinghospital.qa.testcases.CorporateWellnessPageTest@10db82ae]" started-at="2021-04-16T13:20:17Z" name="close" finished-at="2021-04-16T13:20:18Z" duration-ms="1602" status="PASS">
          <reporter-output>
          </reporter-output>
        </test-method> <!-- close -->
        <test-method is-config="true" signature="setup()[pri:0, instance:com.team.findinghospital.qa.testcases.CorporateWellnessPageTest@10db82ae]" started-at="2021-04-16T13:20:18Z" name="setup" finished-at="2021-04-16T13:20:28Z" duration-ms="9581" status="PASS">
          <reporter-output>
          </reporter-output>
        </test-method> <!-- setup -->
        <test-method signature="scheduleDemo3()[pri:0, instance:com.team.findinghospital.qa.testcases.CorporateWellnessPageTest@10db82ae]" started-at="2021-04-16T13:20:28Z" name="scheduleDemo3" finished-at="2021-04-16T13:20:31Z" duration-ms="3232" status="PASS">
          <reporter-output>
          </reporter-output>
        </test-method> <!-- scheduleDemo3 -->
        <test-method is-config="true" signature="close()[pri:0, instance:com.team.findinghospital.qa.testcases.CorporateWellnessPageTest@10db82ae]" started-at="2021-04-16T13:20:31Z" name="close" finished-at="2021-04-16T13:20:33Z" duration-ms="1810" status="PASS">
          <reporter-output>
          </reporter-output>
        </test-method> <!-- close -->
        <test-method is-config="true" signature="setup()[pri:0, instance:com.team.findinghospital.qa.testcases.CorporateWellnessPageTest@10db82ae]" started-at="2021-04-16T13:20:33Z" name="setup" finished-at="2021-04-16T13:20:39Z" duration-ms="5660" status="PASS">
          <reporter-output>
          </reporter-output>
        </test-method> <!-- setup -->
        <test-method signature="scheduleDemo4()[pri:0, instance:com.team.findinghospital.qa.testcases.CorporateWellnessPageTest@10db82ae]" started-at="2021-04-16T13:20:39Z" name="scheduleDemo4" finished-at="2021-04-16T13:20:45Z" duration-ms="6220" status="PASS">
          <reporter-output>
          </reporter-output>
        </test-method> <!-- scheduleDemo4 -->
        <test-method is-config="true" signature="close()[pri:0, instance:com.team.findinghospital.qa.testcases.CorporateWellnessPageTest@10db82ae]" started-at="2021-04-16T13:20:45Z" name="close" finished-at="2021-04-16T13:20:47Z" duration-ms="1600" status="PASS">
          <reporter-output>
          </reporter-output>
        </test-method> <!-- close -->
      </class> <!-- com.team.findinghospital.qa.testcases.CorporateWellnessPageTest -->
      <class name="com.team.findinghospital.qa.testcases.URLTest">
        <test-method is-config="true" signature="setup()[pri:0, instance:com.team.findinghospital.qa.testcases.URLTest@4b44655e]" started-at="2021-04-16T13:18:19Z" name="setup" finished-at="2021-04-16T13:18:27Z" duration-ms="8355" status="PASS">
          <reporter-output>
          </reporter-output>
        </test-method> <!-- setup -->
        <test-method signature="invalidURLTest()[pri:0, instance:com.team.findinghospital.qa.testcases.URLTest@4b44655e]" started-at="2021-04-16T13:18:27Z" name="invalidURLTest" finished-at="2021-04-16T13:18:29Z" duration-ms="1360" status="PASS">
          <reporter-output>
          </reporter-output>
        </test-method> <!-- invalidURLTest -->
        <test-method is-config="true" signature="close()[pri:0, instance:com.team.findinghospital.qa.testcases.URLTest@4b44655e]" started-at="2021-04-16T13:18:29Z" name="close" finished-at="2021-04-16T13:18:30Z" duration-ms="1034" status="PASS">
          <reporter-output>
          </reporter-output>
        </test-method> <!-- close -->
        <test-method is-config="true" signature="setup()[pri:0, instance:com.team.findinghospital.qa.testcases.URLTest@4b44655e]" started-at="2021-04-16T13:18:30Z" name="setup" finished-at="2021-04-16T13:18:35Z" duration-ms="4954" status="PASS">
          <reporter-output>
          </reporter-output>
        </test-method> <!-- setup -->
        <test-method signature="validURLTest()[pri:0, instance:com.team.findinghospital.qa.testcases.URLTest@4b44655e]" started-at="2021-04-16T13:18:35Z" name="validURLTest" finished-at="2021-04-16T13:18:37Z" duration-ms="2251" status="PASS">
          <reporter-output>
          </reporter-output>
        </test-method> <!-- validURLTest -->
        <test-method is-config="true" signature="close()[pri:0, instance:com.team.findinghospital.qa.testcases.URLTest@4b44655e]" started-at="2021-04-16T13:18:37Z" name="close" finished-at="2021-04-16T13:18:39Z" duration-ms="1585" status="PASS">
          <reporter-output>
          </reporter-output>
        </test-method> <!-- close -->
      </class> <!-- com.team.findinghospital.qa.testcases.URLTest -->
    </test> <!-- Test -->
  </suite> <!-- Suite -->
</testng-results>
